build/app/outputs/mapping/release/seeds.txt
com.example.loginapp.MainActivity
com.example.loginapp.MainActivity: MainActivity()
...
androidx.window.embedding.SplitPairRule: int hashCode()
io.flutter.plugin.editing.ImeSyncDeferringInsetsCallback: boolean access$302(io.flutter.plugin.editing.ImeSyncDeferringInsetsCallback,boolean)
io.flutter.embedding.engine.FlutterJNI: void removeIsDisplayingFlutterUiListener(io.flutter.embedding.engine.renderer.FlutterUiDisplayListener)
androidx.core.view.WindowInsetsCompat$Impl: androidx.core.view.WindowInsetsCompat consumeSystemWindowInsets()
androidx.window.embedding.ActivityStack: ActivityStack(java.util.List,boolean,int,kotlin.jvm.internal.DefaultConstructorMarker)
io.flutter.view.FlutterCallbackInformation: FlutterCallbackInformation(java.lang.String,java.lang.String,java.lang.String)
androidx.window.embedding.ActivityStack: ActivityStack(java.util.List,boolean)
kotlin.coroutines.jvm.internal.BaseContinuationImpl: kotlin.coroutines.Continuation create(kotlin.coroutines.Continuation)
androidx.core.view.WindowInsetsCompat$Impl: int hashCode()
androidx.window.layout.HardwareFoldingFeature: HardwareFoldingFeature(androidx.window.core.Bounds,androidx.window.layout.HardwareFoldingFeature$Type,androidx.window.layout.FoldingFeature$State)
androidx.core.view.WindowInsetsCompat$Impl20: androidx.core.graphics.Insets getInsets(int)
androidx.core.view.WindowInsetsCompat$BuilderImpl29: void setSystemWindowInsets(androidx.core.graphics.Insets)
androidx.window.embedding.SplitInfo: float getSplitRatio()
androidx.window.embedding.EmbeddingAdapter: java.util.function.Predicate translateIntentPredicates(java.util.Set)
androidx.window.layout.FoldingFeature$Orientation: java.lang.String toString()
androidx.window.layout.SidecarCompat: boolean validateExtensionInterface()
androidx.core.view.WindowInsetsCompat$BuilderImpl29: void setStableInsets(androidx.core.graphics.Insets)
androidx.window.embedding.EmbeddingCompat$Companion: boolean isEmbeddingAvailable()
androidx.window.java.layout.WindowInfoTrackerCallbackAdapter$addListener$1$1$invokeSuspend$$inlined$collect$1: java.lang.Object emit(java.lang.Object,kotlin.coroutines.Continuation)
io.flutter.embedding.engine.FlutterJNI: java.lang.String getObservatoryUri()
androidx.window.embedding.SplitController$Companion: SplitController$Companion(kotlin.jvm.internal.DefaultConstructorMarker)
io.flutter.embedding.engine.FlutterJNI: void nativeMarkTextureFrameAvailable(long,long)
androidx.window.layout.WindowMetrics: int hashCode()
io.flutter.embedding.engine.FlutterJNI: void loadLibrary()
androidx.window.core.Version: int getPatch()
kotlin.jvm.internal.Lambda: java.lang.String toString()
androidx.window.layout.WindowInfoTrackerImpl: kotlinx.coroutines.flow.Flow windowLayoutInfo(android.app.Activity)
androidx.window.embedding.ActivityFilter: int hashCode()
androidx.window.embedding.EmbeddingAdapter: boolean translateParentMetricsPredicate$lambda-4(androidx.window.embedding.SplitRule,android.view.WindowMetrics)
io.flutter.embedding.engine.FlutterJNI: void destroyOverlaySurfaces()
io.flutter.embedding.android.FlutterView: void setVisibility(int)
androidx.window.layout.SidecarCompat$TranslatingCallback: void onWindowLayoutChanged(android.os.IBinder,androidx.window.sidecar.SidecarWindowLayoutInfo)
io.flutter.embedding.engine.FlutterJNI: android.graphics.Bitmap decodeImage(java.nio.ByteBuffer,long)
androidx.core.view.WindowInsetsCompat$Impl: androidx.core.view.WindowInsetsCompat consumeDisplayCutout()
io.flutter.embedding.engine.FlutterJNI: void updateSemantics(java.nio.ByteBuffer,java.lang.String[],java.nio.ByteBuffer[])
androidx.window.embedding.SplitController: void registerRule(androidx.window.embedding.EmbeddingRule)
androidx.window.layout.HardwareFoldingFeature$Companion: void validateFeatureBounds$window_release(androidx.window.core.Bounds)
io.flutter.view.AccessibilityViewEmbedder: void setFlutterNodesTranslateBounds(android.view.accessibility.AccessibilityNodeInfo,android.graphics.Rect,android.view.accessibility.AccessibilityNodeInfo)