build/app/outputs/mapping/release/mapping.txt
# compiler: R8
# compiler_version: 3.3.70
# min_api: 21
# common_typos_disable
# {"id":"com.android.tools.r8.mapping","version":"2.0"}
# pg_map_id: 00c0176
# pg_map_hash: SHA-256 00c01767dfec5742e1b342b8a2d7670fd6dc3097a0b4b92e928a4b6e93acbd8b
...
kotlinx.coroutines.CoroutineDispatcher$Key$1 -> x0.f0$a$a:
    kotlinx.coroutines.CoroutineDispatcher$Key$1 INSTANCE -> d
    kotlinx.coroutines.CoroutineDispatcher invoke(kotlin.coroutines.CoroutineContext$Element) -> a
kotlinx.coroutines.CoroutineExceptionHandler -> kotlinx.coroutines.CoroutineExceptionHandler:
    kotlinx.coroutines.CoroutineExceptionHandler$Key Key -> b
kotlinx.coroutines.CoroutineExceptionHandler$Key -> kotlinx.coroutines.CoroutineExceptionHandler$a:
    kotlinx.coroutines.CoroutineExceptionHandler$Key $$INSTANCE -> d
kotlinx.coroutines.CoroutineExceptionHandlerImplKt -> x0.g0:
    java.util.List handlers -> a
    void handleCoroutineExceptionImpl(kotlin.coroutines.CoroutineContext,java.lang.Throwable) -> a
kotlinx.coroutines.CoroutineExceptionHandlerKt -> x0.h0:
    void handleCoroutineException(kotlin.coroutines.CoroutineContext,java.lang.Throwable) -> a
    java.lang.Throwable handlerException(java.lang.Throwable,java.lang.Throwable) -> b
kotlinx.coroutines.CoroutineScope -> x0.i0:
    kotlin.coroutines.CoroutineContext getCoroutineContext() -> n
kotlinx.coroutines.CoroutineScopeKt -> x0.j0:
    kotlinx.coroutines.CoroutineScope CoroutineScope(kotlin.coroutines.CoroutineContext) -> a
kotlinx.coroutines.CoroutineStart -> x0.k0:
    kotlinx.coroutines.CoroutineStart UNDISPATCHED -> g
    kotlinx.coroutines.CoroutineStart[] $VALUES -> h
    kotlinx.coroutines.CoroutineStart DEFAULT -> d
    kotlinx.coroutines.CoroutineStart ATOMIC -> f
    kotlinx.coroutines.CoroutineStart LAZY -> e
    kotlinx.coroutines.CoroutineStart[] $values() -> a
    void invoke(kotlin.jvm.functions.Function2,java.lang.Object,kotlin.coroutines.Continuation) -> b
    boolean isLazy() -> c
kotlinx.coroutines.CoroutineStart$WhenMappings -> x0.k0$a:
    int[] $EnumSwitchMapping$0 -> a
kotlinx.coroutines.CoroutinesInternalError -> x0.l0:
kotlinx.coroutines.DebugStringsKt -> x0.m0:
    java.lang.String getClassSimpleName(java.lang.Object) -> a
    java.lang.String getHexAddress(java.lang.Object) -> b
    java.lang.String toDebugString(kotlin.coroutines.Continuation) -> c
kotlinx.coroutines.DefaultExecutor -> x0.n0:
    kotlinx.coroutines.DefaultExecutor INSTANCE -> j
    long KEEP_ALIVE_NANOS -> k
    void acknowledgeShutdownIfNeeded() -> P
    java.lang.Thread createThreadSync() -> Q
    boolean isShutdownRequested() -> R
    boolean notifyStartup() -> S
    java.lang.Thread getThread() -> y
kotlinx.coroutines.DispatchedCoroutine -> x0.o0:
    java.util.concurrent.atomic.AtomicIntegerFieldUpdater _decision$FU -> g
    void afterResume(java.lang.Object) -> s0
    void afterCompletion(java.lang.Object) -> w
    boolean tryResume() -> x0
kotlinx.coroutines.DispatchedTask -> x0.p0:
    int resumeMode -> f
    void cancelCompletedResult$kotlinx_coroutines_core(java.lang.Object,java.lang.Throwable) -> a
    kotlin.coroutines.Continuation getDelegate$kotlinx_coroutines_core() -> b
    java.lang.Throwable getExceptionalResult$kotlinx_coroutines_core(java.lang.Object) -> c
    java.lang.Object getSuccessfulResult$kotlinx_coroutines_core(java.lang.Object) -> d
    void handleFatalException(java.lang.Throwable,java.lang.Throwable) -> g
    java.lang.Object takeState$kotlinx_coroutines_core() -> i
kotlinx.coroutines.DispatchedTaskKt -> x0.q0:
    void dispatch(kotlinx.coroutines.DispatchedTask,int) -> a
    boolean isCancellableMode(int) -> b
    boolean isReusableMode(int) -> c
    void resume(kotlinx.coroutines.DispatchedTask,kotlin.coroutines.Continuation,boolean) -> d
    void resumeUnconfined(kotlinx.coroutines.DispatchedTask) -> e
kotlinx.coroutines.DispatcherExecutor -> x0.r0:
    kotlinx.coroutines.CoroutineDispatcher dispatcher -> d