build/app/outputs/mapping/release/usage.txt
com.example.loginapp.BuildConfig
com.example.loginapp.R$attr
com.example.loginapp.R$color
com.example.loginapp.R$dimen
com.example.loginapp.R$drawable
com.example.loginapp.R$id
com.example.loginapp.R$integer
com.example.loginapp.R$layout
com.example.loginapp.R$mipmap
com.example.loginapp.R$string
com.example.loginapp.R$style
com.example.loginapp.R$styleable
com.example.loginapp.R
...
androidx.core.graphics.BitmapCompat
androidx.core.graphics.BlendModeColorFilterCompat
androidx.core.graphics.BlendModeCompat
androidx.core.graphics.BlendModeUtils$1
androidx.core.graphics.BlendModeUtils
androidx.core.graphics.ColorUtils
androidx.core.graphics.Insets:
    public static androidx.core.graphics.Insets add(androidx.core.graphics.Insets,androidx.core.graphics.Insets)
    public static androidx.core.graphics.Insets min(androidx.core.graphics.Insets,androidx.core.graphics.Insets)
    public static androidx.core.graphics.Insets subtract(androidx.core.graphics.Insets,androidx.core.graphics.Insets)
    public static androidx.core.graphics.Insets wrap(android.graphics.Insets)
androidx.core.graphics.PaintCompat
androidx.core.graphics.PathParser$ExtractFloatResult
androidx.core.graphics.PathParser$PathDataNode
androidx.core.graphics.PathParser
androidx.core.graphics.PathSegment
androidx.core.graphics.PathUtils
androidx.core.graphics.TypefaceCompat$ResourcesCallbackAdapter
androidx.core.graphics.TypefaceCompat
androidx.core.graphics.TypefaceCompatApi21Impl
androidx.core.graphics.TypefaceCompatApi24Impl
androidx.core.graphics.TypefaceCompatApi26Impl
androidx.core.graphics.TypefaceCompatApi28Impl
androidx.core.graphics.TypefaceCompatApi29Impl
androidx.core.graphics.TypefaceCompatBaseImpl$1
androidx.core.graphics.TypefaceCompatBaseImpl$2
androidx.core.graphics.TypefaceCompatBaseImpl$StyleExtractor
androidx.core.graphics.TypefaceCompatBaseImpl
androidx.core.graphics.TypefaceCompatUtil
androidx.core.graphics.drawable.DrawableCompat
androidx.core.graphics.drawable.IconCompat$IconType
androidx.core.graphics.drawable.IconCompat:
    private static final float ADAPTIVE_ICON_INSET_FACTOR
    private static final int AMBIENT_SHADOW_ALPHA
    private static final float BLUR_FACTOR
    private static final float DEFAULT_VIEW_PORT_SCALE
    static final java.lang.String EXTRA_INT1
    static final java.lang.String EXTRA_INT2
    static final java.lang.String EXTRA_OBJ
    static final java.lang.String EXTRA_STRING1
    static final java.lang.String EXTRA_TINT_LIST
    static final java.lang.String EXTRA_TINT_MODE
    static final java.lang.String EXTRA_TYPE
    private static final float ICON_DIAMETER_FACTOR
    private static final int KEY_SHADOW_ALPHA
    private static final float KEY_SHADOW_OFFSET_FACTOR
    private static final java.lang.String TAG
    public static final int TYPE_ADAPTIVE_BITMAP
    public static final int TYPE_BITMAP
    public static final int TYPE_DATA
    public static final int TYPE_RESOURCE
    public static final int TYPE_UNKNOWN
    public static final int TYPE_URI
    public static final int TYPE_URI_ADAPTIVE_BITMAP
    private void <init>(int)
    public void addToShortcutIntent(android.content.Intent,android.graphics.drawable.Drawable,android.content.Context)
    public void checkResource(android.content.Context)
    public static androidx.core.graphics.drawable.IconCompat createFromBundle(android.os.Bundle)
androidx.core.graphics.drawable.RoundedBitmapDrawable21
androidx.core.graphics.drawable.RoundedBitmapDrawable
androidx.core.graphics.drawable.RoundedBitmapDrawableFactory$DefaultRoundedBitmapDrawable
androidx.core.graphics.drawable.RoundedBitmapDrawableFactory
androidx.core.graphics.drawable.TintAwareDrawable
androidx.core.graphics.drawable.WrappedDrawable
androidx.core.graphics.drawable.WrappedDrawableApi14
androidx.core.graphics.drawable.WrappedDrawableApi21
androidx.core.graphics.drawable.WrappedDrawableState
androidx.core.hardware.display.DisplayManagerCompat
androidx.core.hardware.fingerprint.FingerprintManagerCompat$1
androidx.core.hardware.fingerprint.FingerprintManagerCompat$AuthenticationCallback
androidx.core.hardware.fingerprint.FingerprintManagerCompat$AuthenticationResult
androidx.core.hardware.fingerprint.FingerprintManagerCompat$CryptoObject
androidx.core.hardware.fingerprint.FingerprintManagerCompat
androidx.core.internal.package-info
androidx.core.internal.view.SupportMenu